GROUP,PACKAGE,CLASS,INSTRUCTION_MISSED,INSTRUCTION_COVERED,BRANCH_MISSED,BRANCH_COVERED,LINE_MISSED,LINE_COVERED,COMPLEXITY_MISSED,COMPLEXITY_COVERED,METHOD_MISSED,METHOD_COVERED
Java CS to Enterprise,com.abhiesa.blog,Singleton,0,8,0,0,0,2,0,2,0,2
Java CS to Enterprise,com.abhiesa.blog,Multiton.SuppliedCreator,0,11,0,0,0,4,0,2,0,2
Java CS to Enterprise,com.abhiesa.blog,Multiton.TypedCreator,0,11,0,0,0,4,0,2,0,2
Java CS to Enterprise,com.abhiesa.blog,HelloWorld,0,9,0,2,0,4,0,3,0,2
Java CS to Enterprise,com.abhiesa.blog,Multiton,0,16,0,0,0,4,0,2,0,2
Java CS to Enterprise,com.abhiesa.blog.algorithmsj8.fundamentals,BinarySearch,0,63,0,6,0,15,0,7,0,4
